-------------------------------------------------------------------------------
Test set: prototype.lineageruntime.lineage.service.LineageGraphServiceTest
-------------------------------------------------------------------------------
Tests run: 6, Failures: 1, Errors: 1, Skipped: 0, Time elapsed: 0.063 s <<< FAILURE! -- in prototype.lineageruntime.lineage.service.LineageGraphServiceTest
prototype.lineageruntime.lineage.service.LineageGraphServiceTest.findCommonAncestorReturnsFirstSharedNode -- Time elapsed: 0.013 s <<< FAILURE!
org.opentest4j.AssertionFailedError: 

expected: c8be6337-ff14-41cd-ad66-ebb7c882ad6d
 but was: fad35596-efec-4e9a-bebe-fe081779b9c6
	at java.base/jdk.internal.reflect.DirectConstructorHandleAccessor.newInstance(DirectConstructorHandleAccessor.java:62)
	at java.base/java.lang.reflect.Constructor.newInstanceWithCaller(Constructor.java:502)
	at prototype.lineageruntime.lineage.service.LineageGraphServiceTest.findCommonAncestorReturnsFirstSharedNode(LineageGraphServiceTest.java:105)
	at java.base/java.lang.reflect.Method.invoke(Method.java:580)
	at java.base/java.util.ArrayList.forEach(ArrayList.java:1596)
	at java.base/java.util.ArrayList.forEach(ArrayList.java:1596)

prototype.lineageruntime.lineage.service.LineageGraphServiceTest.findDescendantsReturnsOnlyRequestedDepth -- Time elapsed: 0.011 s <<< ERROR!
org.mockito.exceptions.misusing.UnnecessaryStubbingException: 

Unnecessary stubbings detected.
Clean & maintainable test code requires zero unnecessary code.
Following stubbings are unnecessary (click to navigate to relevant line of code):
  1. -> at prototype.lineageruntime.lineage.service.LineageGraphServiceTest.findDescendantsReturnsOnlyRequestedDepth(LineageGraphServiceTest.java:86)
  2. -> at prototype.lineageruntime.lineage.service.LineageGraphServiceTest.findDescendantsReturnsOnlyRequestedDepth(LineageGraphServiceTest.java:87)
Please remove unnecessary stubbings or use 'lenient' strictness. More info: javadoc for UnnecessaryStubbingException class.
	at org.mockito.junit.jupiter.MockitoExtension.afterEach(MockitoExtension.java:192)
	at java.base/java.util.ArrayList.forEach(ArrayList.java:1596)
	at java.base/java.util.ArrayList.forEach(ArrayList.java:1596)

