<?xml version="1.0" encoding="UTF-8"?>
<testsuite xmlns:xsi="http://www.w3.org/2001/XMLSchema-instance" xsi:noNamespaceSchemaLocation="https://maven.apache.org/surefire/maven-surefire-plugin/xsd/surefire-test-report-3.0.xsd" version="3.0" name="prototype.lineageruntime.lineage.service.LineageGraphServiceTest" time="0.063" tests="6" errors="1" skipped="0" failures="1">
  <properties>
[...]
</properties>
  <testcase name="buildGraphTraversesDescendantsBreadthFirst" classname="prototype.lineageruntime.lineage.service.LineageGraphServiceTest" time="0.021"/>
  <testcase name="findCommonAncestorReturnsFirstSharedNode" classname="prototype.lineageruntime.lineage.service.LineageGraphServiceTest" time="0.013">
    <failure message="&#10;expected: c8be6337-ff14-41cd-ad66-ebb7c882ad6d&#10; but was: fad35596-efec-4e9a-bebe-fe081779b9c6" type="org.opentest4j.AssertionFailedError"><![CDATA[org.opentest4j.AssertionFailedError: 

expected: c8be6337-ff14-41cd-ad66-ebb7c882ad6d
 but was: fad35596-efec-4e9a-bebe-fe081779b9c6
	at java.base/jdk.internal.reflect.DirectConstructorHandleAccessor.newInstance(DirectConstructorHandleAccessor.java:62)
	at java.base/java.lang.reflect.Constructor.newInstanceWithCaller(Constructor.java:502)
	at prototype.lineageruntime.lineage.service.LineageGraphServiceTest.findCommonAncestorReturnsFirstSharedNode(LineageGraphServiceTest.java:105)
	at java.base/java.lang.reflect.Method.invoke(Method.java:580)
	at java.base/java.util.ArrayList.forEach(ArrayList.java:1596)
	at java.base/java.util.ArrayList.forEach(ArrayList.java:1596)
]]></failure>
  </testcase>
  <testcase name="findDescendantsReturnsOnlyRequestedDepth" classname="prototype.lineageruntime.lineage.service.LineageGraphServiceTest" time="0.011">
    <error message="&#10;Unnecessary stubbings detected.&#10;Clean &amp; maintainable test code requires zero unnecessary code.&#10;Following stubbings are unnecessary (click to navigate to relevant line of code):&#10;  1. -&gt; at prototype.lineageruntime.lineage.service.LineageGraphServiceTest.findDescendantsReturnsOnlyRequestedDepth(LineageGraphServiceTest.java:86)&#10;  2. -&gt; at prototype.lineageruntime.lineage.service.LineageGraphServiceTest.findDescendantsReturnsOnlyRequestedDepth(LineageGraphServiceTest.java:87)&#10;Please remove unnecessary stubbings or use &apos;lenient&apos; strictness. More info: javadoc for UnnecessaryStubbingException class." type="org.mockito.exceptions.misusing.UnnecessaryStubbingException"><![CDATA[org.mockito.exceptions.misusing.UnnecessaryStubbingException: 

Unnecessary stubbings detected.
Clean & maintainable test code requires zero unnecessary code.
Following stubbings are unnecessary (click to navigate to relevant line of code):
  1. -> at prototype.lineageruntime.lineage.service.LineageGraphServiceTest.findDescendantsReturnsOnlyRequestedDepth(LineageGraphServiceTest.java:86)
  2. -> at prototype.lineageruntime.lineage.service.LineageGraphServiceTest.findDescendantsReturnsOnlyRequestedDepth(LineageGraphServiceTest.java:87)
Please remove unnecessary stubbings or use 'lenient' strictness. More info: javadoc for UnnecessaryStubbingException class.
	at org.mockito.junit.jupiter.MockitoExtension.afterEach(MockitoExtension.java:192)
	at java.base/java.util.ArrayList.forEach(ArrayList.java:1596)
	at java.base/java.util.ArrayList.forEach(ArrayList.java:1596)
]]></error>
  </testcase>
  <testcase name="getGenerationStatsAggregatesPerformanceAndSafety" classname="prototype.lineageruntime.lineage.service.LineageGraphServiceTest" time="0.003"/>
  <testcase name="findAncestorsRespectsDepthLimit" classname="prototype.lineageruntime.lineage.service.LineageGraphServiceTest" time="0.003"/>
  <testcase name="getGenerationStatsThrowsWhenNoLineages" classname="prototype.lineageruntime.lineage.service.LineageGraphServiceTest" time="0.006"/>
</testsuite>